2022-08-17 17:01:44,296 loglevel=INFO   /
2022-08-17 17:01:44,369 loglevel=INFO   /favicon.ico
2022-08-17 17:01:52,657 loglevel=INFO   /today/weather
2022-08-17 17:02:14,312 loglevel=INFO   /db/record/today
2022-08-17 17:02:14,313 loglevel=ERROR  Failed to save weather data at 2022-08-17T16:00:00
2022-08-18 21:25:02,085 loglevel=INFO   /predict/5days
2022-08-18 21:25:02,552 loglevel=INFO   Get weather in 5 days at 2022-08-18 21:25:02.552600
2022-08-18 21:26:43,787 loglevel=INFO   /predict/5days
2022-08-18 21:26:44,272 loglevel=INFO   Get weather in 5 days at 2022-08-18 21:26:44.272135
2022-08-18 21:27:45,554 loglevel=INFO   /predict/5days
2022-08-18 21:27:45,959 loglevel=INFO   Get weather in 5 days at 2022-08-18 21:27:45.959563
2022-08-18 21:35:26,192 loglevel=INFO   /predict/5days
2022-08-18 21:36:23,860 loglevel=INFO   /predict/5days
2022-08-18 21:36:29,860 loglevel=INFO   /test/5days
2022-08-18 22:45:26,772 loglevel=INFO   /history/
2022-08-18 22:45:26,776 loglevel=INFO   /history
2022-08-18 22:45:48,441 loglevel=INFO   /history/
2022-08-18 22:45:48,453 loglevel=INFO   /history
2022-08-18 22:45:57,756 loglevel=INFO   /history
2022-08-18 22:46:08,784 loglevel=INFO   /history
2022-08-18 22:46:10,386 loglevel=INFO   /history
2022-08-18 23:17:41,882 loglevel=INFO   /history
2022-08-18 23:18:07,811 loglevel=INFO   /history
2022-08-18 23:19:49,296 loglevel=INFO   /history
2022-08-18 23:20:58,287 loglevel=INFO   /history
2022-08-18 23:21:36,691 loglevel=INFO   /history
2022-08-18 23:21:43,448 loglevel=INFO   /history
2022-08-18 23:21:44,707 loglevel=INFO   /history
2022-08-18 23:22:52,570 loglevel=INFO   /history
2022-08-18 23:23:43,659 loglevel=INFO   /history
2022-08-18 23:27:09,489 loglevel=INFO   /history
2022-08-18 23:27:22,887 loglevel=INFO   /test/5days
2022-08-18 23:31:52,728 loglevel=INFO   /history
2022-08-18 23:32:34,669 loglevel=INFO   /history
2022-08-18 23:33:00,199 loglevel=INFO   /history
2022-08-18 23:58:27,235 loglevel=INFO   /history
2022-08-18 23:59:04,850 loglevel=INFO   /history/1
2022-08-19 00:00:23,460 loglevel=INFO   /history/1
2022-08-19 00:00:42,268 loglevel=INFO   /history/1
2022-08-19 00:00:47,492 loglevel=INFO   /history/1
2022-08-19 00:00:57,325 loglevel=INFO   /history/1
2022-08-19 00:02:16,061 loglevel=INFO   /history
2022-08-19 00:02:38,461 loglevel=INFO   /history
2022-08-19 00:20:29,047 loglevel=INFO   /history
2022-08-19 00:20:29,048 loglevel=INFO   /history
2022-08-19 00:27:06,482 loglevel=INFO   /history
2022-08-19 00:28:27,353 loglevel=INFO   /history
2022-08-19 00:29:15,297 loglevel=INFO   /history
2022-08-19 09:59:03,269 loglevel=INFO   /history
2022-08-19 09:59:32,365 loglevel=INFO   /year
2022-08-19 09:59:45,987 loglevel=INFO   /year/weather
2022-08-19 10:00:13,844 loglevel=INFO   /year/weather
2022-08-19 10:00:40,754 loglevel=INFO   /year/weather
2022-08-19 10:01:08,337 loglevel=INFO   /year/weather
2022-08-19 10:02:02,046 loglevel=INFO   /year/weather
2022-08-19 10:02:24,636 loglevel=INFO   /year/weather
2022-08-19 10:02:48,714 loglevel=INFO   /year/weather
2022-08-19 10:02:54,004 loglevel=INFO   /year/weather
2022-08-19 10:09:41,944 loglevel=INFO   /year/weather
2022-08-19 10:09:53,843 loglevel=INFO   /year/weather
2022-08-19 10:12:19,145 loglevel=INFO   /history
2022-08-19 10:14:45,046 loglevel=INFO   /history
2022-08-19 10:15:34,831 loglevel=INFO   /history
2022-08-19 10:16:28,698 loglevel=INFO   /history
2022-08-19 10:17:12,426 loglevel=INFO   /history
2022-08-19 10:17:12,427 loglevel=INFO   2022-08-19 10:17:12.427629 Load history weather in year 2018
2022-08-19 10:17:50,461 loglevel=INFO   /history
2022-08-19 10:20:58,483 loglevel=INFO   /history
2022-08-19 10:22:30,969 loglevel=INFO   /history
2022-08-19 10:22:37,263 loglevel=INFO   /history
2022-08-19 10:22:56,183 loglevel=INFO   /history
2022-08-19 10:22:56,183 loglevel=INFO   2022-08-19 10:22:56.183712 Load history weather in year 2018
2022-08-19 10:23:18,607 loglevel=INFO   /history
2022-08-19 10:25:19,940 loglevel=INFO   /last7days/weather
2022-08-19 10:25:47,147 loglevel=INFO   /last7days/weather
2022-08-19 10:25:47,148 loglevel=WARNING 'Host'
2022-08-19 10:33:42,779 loglevel=INFO   /last7days/weather
2022-08-19 10:33:42,802 loglevel=WARNING 'Host'
2022-08-19 10:36:48,193 loglevel=INFO   /history
